2023.03.20 13:03:58 INFO  Started: Metals version 0.11.11 in workspace '/home/jdubois/Documents/cours/polytech-4/cdp/polyshop/inventory' for client Visual Studio Code 1.76.2.[0m
SLF4J: No SLF4J providers were found.
SLF4J: Defaulting to no-operation (NOP) logger implementation
SLF4J: See https://www.slf4j.org/codes.html#noProviders for further details.
SLF4J: Class path contains SLF4J bindings targeting slf4j-api versions 1.7.x or earlier.
SLF4J: Ignoring binding found at [jar:file:/home/jdubois/.cache/coursier/v1/https/repo1.maven.org/maven2/com/outr/scribe-slf4j_2.13/3.11.0/scribe-slf4j_2.13-3.11.0.jar!/org/slf4j/impl/StaticLoggerBinder.class]
SLF4J: See https://www.slf4j.org/codes.html#ignoredBindings for an explanation.
2023.03.20 13:03:58 INFO  time: initialize in 0.41s[0m
2023.03.20 13:04:00 WARN  Build server is not auto-connectable.[0m
2023.03.20 13:04:00 WARN  no build target for: /home/jdubois/Documents/cours/polytech-4/cdp/polyshop/inventory/src/main/java/fr/dopolytech/polyshop/inventory/InventoryApplication.java[0m
2023.03.20 13:04:06 WARN  no build target for: /home/jdubois/Documents/cours/polytech-4/cdp/polyshop/inventory/src/main/java/fr/dopolytech/polyshop/inventory/documents/Product.java[0m
2023.03.20 13:05:17 WARN  no build target for: /home/jdubois/Documents/cours/polytech-4/cdp/polyshop/inventory/src/main/java/fr/dopolytech/polyshop/inventory/documents/Product.java[0m
2023.03.20 13:05:41 WARN  no build target for: /home/jdubois/Documents/cours/polytech-4/cdp/polyshop/inventory/src/main/java/fr/dopolytech/polyshop/inventory/controllers/ProductController.java[0m
2023.03.20 13:06:43 WARN  no build target for: /home/jdubois/Documents/cours/polytech-4/cdp/polyshop/inventory/src/main/java/fr/dopolytech/polyshop/inventory/controllers/ProductRepository.java[0m
2023.03.20 13:06:43 WARN  no build target for: /home/jdubois/Documents/cours/polytech-4/cdp/polyshop/inventory/src/main/java/fr/dopolytech/polyshop/inventory/controllers/ProductRepository.java[0m
2023.03.20 13:07:05 WARN  no build target for: /home/jdubois/Documents/cours/polytech-4/cdp/polyshop/inventory/src/main/java/fr/dopolytech/polyshop/inventory/repositories/ProductRepository.java[0m
2023.03.20 13:07:08 WARN  no build target for: /home/jdubois/Documents/cours/polytech-4/cdp/polyshop/inventory/src/main/java/fr/dopolytech/polyshop/inventory/documents/Product.java[0m
2023.03.20 13:07:57 WARN  no build target for: /home/jdubois/Documents/cours/polytech-4/cdp/polyshop/inventory/src/main/java/fr/dopolytech/polyshop/inventory/repositories/ProductRepository.java[0m
2023.03.20 13:08:20 WARN  no build target for: /home/jdubois/Documents/cours/polytech-4/cdp/polyshop/inventory/src/main/java/fr/dopolytech/polyshop/inventory/MongoConfig.java[0m
2023.03.20 13:08:27 WARN  no build target for: /home/jdubois/Documents/cours/polytech-4/cdp/polyshop/inventory/src/main/java/fr/dopolytech/polyshop/inventory/MongoConfig.java[0m
2023.03.20 13:08:29 WARN  no build target for: /home/jdubois/Documents/cours/polytech-4/cdp/polyshop/inventory/src/main/java/fr/dopolytech/polyshop/inventory/MongoConfig.java[0m
2023.03.20 13:08:37 WARN  Using indexes to guess the definition of ProductRepository[0m
2023.03.20 13:08:44 WARN  no build target for: /home/jdubois/Documents/cours/polytech-4/cdp/polyshop/inventory/src/main/java/fr/dopolytech/polyshop/inventory/controllers/ProductController.java[0m
mars 20, 2023 1:08:53 PM org.eclipse.lsp4j.jsonrpc.RemoteEndpoint handleCancellation
WARNING: Unmatched cancel notification for request id 643
mars 20, 2023 1:09:09 PM org.eclipse.lsp4j.jsonrpc.RemoteEndpoint handleCancellation
WARNING: Unmatched cancel notification for request id 752
2023.03.20 13:09:24 WARN  Using indexes to guess the definition of Product[0m
2023.03.20 13:10:28 WARN  Cannot tokenize Java file file:///home/jdubois/Documents/cours/polytech-4/cdp/polyshop/inventory/src/main/java/fr/dopolytech/polyshop/inventory/controllers/ProductController.java
org.eclipse.jdt.core.compiler.InvalidInputException: Invalid_Char_In_String
	at org.eclipse.jdt.internal.core.util.PublicScanner.getNextToken(PublicScanner.java:1564)
	at scala.meta.internal.parsing.JavaTokens$.loop$1(JavaTokens.scala:71)
	at scala.meta.internal.parsing.JavaTokens$.$anonfun$tokenize$1(JavaTokens.scala:75)
	at scala.util.Try$.apply(Try.scala:210)
	at scala.meta.internal.parsing.JavaTokens$.tokenize(JavaTokens.scala:35)
	at scala.meta.internal.parsing.TokenEditDistance$.apply(TokenEditDistance.scala:370)
	at scala.meta.internal.metals.Diagnostics.publishDiagnostics(Diagnostics.scala:226)
	at scala.meta.internal.metals.Diagnostics.publishDiagnostics(Diagnostics.scala:188)
	at scala.meta.internal.metals.Diagnostics.didChange(Diagnostics.scala:136)
	at scala.meta.internal.metals.MetalsLspService.didChange(MetalsLspService.scala:1248)
	at scala.meta.metals.lsp.DelegatingScalaService.didChange(DelegatingScalaService.scala:50)
	at jdk.internal.reflect.DirectMethodHandleAccessor.invoke(DirectMethodHandleAccessor.java:104)
	at java.lang.reflect.Method.invoke(Method.java:578)
	at org.eclipse.lsp4j.jsonrpc.services.GenericEndpoint.lambda$null$0(GenericEndpoint.java:65)
	at org.eclipse.lsp4j.jsonrpc.services.GenericEndpoint.notify(GenericEndpoint.java:152)
	at org.eclipse.lsp4j.jsonrpc.RemoteEndpoint.handleNotification(RemoteEndpoint.java:220)
	at org.eclipse.lsp4j.jsonrpc.RemoteEndpoint.consume(RemoteEndpoint.java:187)
	at org.eclipse.lsp4j.jsonrpc.json.StreamMessageProducer.handleMessage(StreamMessageProducer.java:194)
	at org.eclipse.lsp4j.jsonrpc.json.StreamMessageProducer.listen(StreamMessageProducer.java:94)
	at org.eclipse.lsp4j.jsonrpc.json.ConcurrentMessageProcessor.run(ConcurrentMessageProcessor.java:113)
	at java.util.concurrent.Executors$RunnableAdapter.call(Executors.java:577)
	at java.util.concurrent.FutureTask.run(FutureTask.java:317)
	at java.util.concurrent.ThreadPoolExecutor.runWorker(ThreadPoolExecutor.java:1144)
	at java.util.concurrent.ThreadPoolExecutor$Worker.run(ThreadPoolExecutor.java:642)
	at java.lang.Thread.run(Thread.java:1589)
[0m
mars 20, 2023 1:10:28 PM org.eclipse.lsp4j.jsonrpc.RemoteEndpoint fallbackResponseError
SEVERE: Internal error: org.eclipse.jdt.core.compiler.InvalidInputException: Invalid_Char_In_String
java.util.concurrent.CompletionException: org.eclipse.jdt.core.compiler.InvalidInputException: Invalid_Char_In_String
	at java.base/java.util.concurrent.CompletableFuture.encodeThrowable(CompletableFuture.java:332)
	at java.base/java.util.concurrent.CompletableFuture.completeThrowable(CompletableFuture.java:347)
	at java.base/java.util.concurrent.CompletableFuture$UniAccept.tryFire(CompletableFuture.java:708)
	at java.base/java.util.concurrent.CompletableFuture.postComplete(CompletableFuture.java:510)
	at java.base/java.util.concurrent.CompletableFuture.completeExceptionally(CompletableFuture.java:2194)
	at scala.meta.internal.metals.CancelTokens$.$anonfun$future$1(CancelTokens.scala:40)
	at scala.meta.internal.metals.CancelTokens$.$anonfun$future$1$adapted(CancelTokens.scala:38)
	at scala.concurrent.impl.Promise$Transformation.run(Promise.scala:484)
	at java.base/java.util.concurrent.ThreadPoolExecutor.runWorker(ThreadPoolExecutor.java:1144)
	at java.base/java.util.concurrent.ThreadPoolExecutor$Worker.run(ThreadPoolExecutor.java:642)
	at java.base/java.lang.Thread.run(Thread.java:1589)
Caused by: org.eclipse.jdt.core.compiler.InvalidInputException: Invalid_Char_In_String
	at org.eclipse.jdt.internal.core.util.PublicScanner.getNextToken(PublicScanner.java:1564)
	at scala.meta.internal.parsing.JavaFoldingRangeExtractor.next$1(JavaFoldingRangeExtractor.scala:100)
	at scala.meta.internal.parsing.JavaFoldingRangeExtractor.gather$1(JavaFoldingRangeExtractor.scala:147)
	at scala.meta.internal.parsing.JavaFoldingRangeExtractor.extract(JavaFoldingRangeExtractor.scala:155)
	at scala.meta.internal.parsing.FoldingRangeProvider.$anonfun$getRangedForJava$2(FoldingRangeProvider.scala:48)
	at scala.Option$WithFilter.map(Option.scala:242)
	at scala.meta.internal.parsing.FoldingRangeProvider.getRangedForJava(FoldingRangeProvider.scala:43)
	at scala.meta.internal.metals.MetalsLspService.$anonfun$foldingRange$3(MetalsLspService.scala:1776)
	at scala.concurrent.Future$.$anonfun$apply$1(Future.scala:678)
	at scala.concurrent.impl.Promise$Transformation.run(Promise.scala:467)
	... 3 more

2023.03.20 13:10:28 WARN  Cannot tokenize Java file file:///home/jdubois/Documents/cours/polytech-4/cdp/polyshop/inventory/src/main/java/fr/dopolytech/polyshop/inventory/controllers/ProductController.java
org.eclipse.jdt.core.compiler.InvalidInputException: Invalid_Char_In_String
	at org.eclipse.jdt.internal.core.util.PublicScanner.getNextToken(PublicScanner.java:1564)
	at scala.meta.internal.parsing.JavaTokens$.loop$1(JavaTokens.scala:71)
	at scala.meta.internal.parsing.JavaTokens$.$anonfun$tokenize$1(JavaTokens.scala:75)
	at scala.util.Try$.apply(Try.scala:210)
	at scala.meta.internal.parsing.JavaTokens$.tokenize(JavaTokens.scala:35)
	at scala.meta.internal.parsing.TokenEditDistance$.apply(TokenEditDistance.scala:370)
	at scala.meta.internal.metals.Buffers.tokenEditDistance(Buffers.scala:30)
	at scala.meta.internal.metals.codelenses.RunTestCodeLens.codeLenses(RunTestCodeLens.scala:62)
	at scala.meta.internal.metals.CodeLensProvider.$anonfun$findLenses$3(CodeLensProvider.scala:26)
	at scala.collection.immutable.List.flatMap(List.scala:293)
	at scala.meta.internal.metals.CodeLensProvider.$anonfun$findLenses$2(CodeLensProvider.scala:26)
	at scala.Option.map(Option.scala:242)
	at scala.meta.internal.metals.CodeLensProvider.findLenses(CodeLensProvider.scala:24)
	at scala.meta.internal.metals.MetalsLspService.$anonfun$codeLens$2(MetalsLspService.scala:1761)
	at scala.meta.internal.metals.TimerProvider.timedThunk(TimerProvider.scala:25)
	at scala.meta.internal.metals.MetalsLspService.$anonfun$codeLens$1(MetalsLspService.scala:1759)
	at scala.meta.internal.metals.CancelTokens$.$anonfun$apply$2(CancelTokens.scala:26)
	at scala.concurrent.Future$.$anonfun$apply$1(Future.scala:678)
	at scala.concurrent.impl.Promise$Transformation.run(Promise.scala:467)
	at java.util.concurrent.ThreadPoolExecutor.runWorker(ThreadPoolExecutor.java:1144)
	at java.util.concurrent.ThreadPoolExecutor$Worker.run(ThreadPoolExecutor.java:642)
	at java.lang.Thread.run(Thread.java:1589)
[0m
2023.03.20 13:10:28 WARN  Cannot tokenize Java file file:///home/jdubois/Documents/cours/polytech-4/cdp/polyshop/inventory/src/main/java/fr/dopolytech/polyshop/inventory/controllers/ProductController.java
org.eclipse.jdt.core.compiler.InvalidInputException: Invalid_Char_In_String
	at org.eclipse.jdt.internal.core.util.PublicScanner.getNextToken(PublicScanner.java:1564)
	at scala.meta.internal.parsing.JavaTokens$.loop$1(JavaTokens.scala:71)
	at scala.meta.internal.parsing.JavaTokens$.$anonfun$tokenize$1(JavaTokens.scala:75)
	at scala.util.Try$.apply(Try.scala:210)
	at scala.meta.internal.parsing.JavaTokens$.tokenize(JavaTokens.scala:35)
	at scala.meta.internal.parsing.TokenEditDistance$.apply(TokenEditDistance.scala:370)
	at scala.meta.internal.metals.Buffers.tokenEditDistance(Buffers.scala:30)
	at scala.meta.internal.metals.codelenses.SuperMethodCodeLens.codeLenses(SuperMethodCodeLens.scala:36)
	at scala.meta.internal.metals.CodeLensProvider.$anonfun$findLenses$3(CodeLensProvider.scala:26)
	at scala.collection.immutable.List.flatMap(List.scala:293)
	at scala.meta.internal.metals.CodeLensProvider.$anonfun$findLenses$2(CodeLensProvider.scala:26)
	at scala.Option.map(Option.scala:242)
	at scala.meta.internal.metals.CodeLensProvider.findLenses(CodeLensProvider.scala:24)
	at scala.meta.internal.metals.MetalsLspService.$anonfun$codeLens$2(MetalsLspService.scala:1761)
	at scala.meta.internal.metals.TimerProvider.timedThunk(TimerProvider.scala:25)
	at scala.meta.internal.metals.MetalsLspService.$anonfun$codeLens$1(MetalsLspService.scala:1759)
	at scala.meta.internal.metals.CancelTokens$.$anonfun$apply$2(CancelTokens.scala:26)
	at scala.concurrent.Future$.$anonfun$apply$1(Future.scala:678)
	at scala.concurrent.impl.Promise$Transformation.run(Promise.scala:467)
	at java.util.concurrent.ThreadPoolExecutor.runWorker(ThreadPoolExecutor.java:1144)
	at java.util.concurrent.ThreadPoolExecutor$Worker.run(ThreadPoolExecutor.java:642)
	at java.lang.Thread.run(Thread.java:1589)
[0m
2023.03.20 13:12:29 WARN  no build target for: /home/jdubois/Documents/cours/polytech-4/cdp/polyshop/inventory/src/main/java/fr/dopolytech/polyshop/inventory/controllers/ProductController.java[0m
2023.03.20 13:12:31 WARN  no build target for: /home/jdubois/Documents/cours/polytech-4/cdp/polyshop/inventory/src/main/java/fr/dopolytech/polyshop/inventory/controllers/ProductController.java[0m
2023.03.20 13:13:03 WARN  no build target for: /home/jdubois/Documents/cours/polytech-4/cdp/polyshop/inventory/src/main/java/fr/dopolytech/polyshop/inventory/documents/Product.java[0m
2023.03.20 13:13:21 WARN  no build target for: /home/jdubois/Documents/cours/polytech-4/cdp/polyshop/inventory/src/main/java/fr/dopolytech/polyshop/inventory/documents/Product.java[0m
2023.03.20 13:13:24 WARN  no build target for: /home/jdubois/Documents/cours/polytech-4/cdp/polyshop/inventory/src/main/java/fr/dopolytech/polyshop/inventory/controllers/ProductController.java[0m
2023.03.20 13:13:26 WARN  no build target for: /home/jdubois/Documents/cours/polytech-4/cdp/polyshop/inventory/src/main/java/fr/dopolytech/polyshop/inventory/documents/Product.java[0m
2023.03.20 13:13:49 WARN  no build target for: /home/jdubois/Documents/cours/polytech-4/cdp/polyshop/inventory/src/main/java/fr/dopolytech/polyshop/inventory/documents/Product.java[0m
2023.03.20 13:13:53 WARN  no build target for: /home/jdubois/Documents/cours/polytech-4/cdp/polyshop/inventory/src/main/java/fr/dopolytech/polyshop/inventory/controllers/ProductController.java[0m
2023.03.20 13:14:05 WARN  no build target for: /home/jdubois/Documents/cours/polytech-4/cdp/polyshop/inventory/src/main/java/fr/dopolytech/polyshop/inventory/controllers/ProductController.java[0m
2023.03.20 13:14:46 WARN  no build target for: /home/jdubois/Documents/cours/polytech-4/cdp/polyshop/inventory/src/main/java/fr/dopolytech/polyshop/inventory/InventoryApplication.java[0m
